Sun Dec 16 13:17:26 CET 2012: Build OK in folder: 'Sensing' 
Sun Dec 16 13:17:27 CET 2012: Build OK in folder: 'FilteredSensing' 
Sun Dec 16 13:17:27 CET 2012: Cppcheck OK in folder: 'Sensing' 
Sun Dec 16 13:17:27 CET 2012: Cppcheck OK in folder: 'FilteredSensing' 
Sun Dec 16 13:17:27 CET 2012: Cppcheck OK in header file(s)
Sun Dec 16 13:17:27 CET 2012: Cppcheck OK in cpp file(s)
Sun Dec 16 21:46:57 CET 2012: Build OK in folder: 'Sensing' 
Sun Dec 16 21:46:58 CET 2012: Build OK in folder: 'FilteredSensing' 
Sun Dec 16 21:46:58 CET 2012: Cppcheck OK in folder: 'Sensing' 
Sun Dec 16 21:46:58 CET 2012: Cppcheck OK in folder: 'FilteredSensing' 
Sun Dec 16 21:46:58 CET 2012: Cppcheck OK in header file(s)
Sun Dec 16 21:46:58 CET 2012: Cppcheck OK in cpp file(s)
Sun Dec 16 21:47:16 CET 2012: Build OK in folder: 'Sensing' 
Sun Dec 16 21:47:17 CET 2012: Build OK in folder: 'FilteredSensing' 
Sun Dec 16 21:47:17 CET 2012: Cppcheck OK in folder: 'Sensing' 
Sun Dec 16 21:47:17 CET 2012: Cppcheck OK in folder: 'FilteredSensing' 
Sun Dec 16 21:47:17 CET 2012: Cppcheck OK in header file(s)
Sun Dec 16 21:47:17 CET 2012: Cppcheck OK in cpp file(s)
Sun Dec 16 21:49:04 CET 2012: Build OK in folder: 'Sensing' 
Sun Dec 16 21:49:05 CET 2012: Build OK in folder: 'FilteredSensing' 
Sun Dec 16 21:49:05 CET 2012: Cppcheck OK in folder: 'Sensing' 
Sun Dec 16 21:49:05 CET 2012: Cppcheck OK in folder: 'FilteredSensing' 
Sun Dec 16 21:49:05 CET 2012: Cppcheck OK in header file(s)
Sun Dec 16 21:49:05 CET 2012: Cppcheck OK in cpp file(s)
Sun Dec 16 21:50:04 CET 2012: Build OK in folder: 'Sensing' 
Sun Dec 16 21:50:04 CET 2012: Build OK in folder: 'FilteredSensing' 
Sun Dec 16 21:50:04 CET 2012: Cppcheck OK in folder: 'Sensing' 
Sun Dec 16 21:50:04 CET 2012: Cppcheck OK in folder: 'FilteredSensing' 
Sun Dec 16 21:50:04 CET 2012: Cppcheck OK in header file(s)
Sun Dec 16 21:50:04 CET 2012: Cppcheck OK in cpp file(s)
Sun Dec 16 21:54:15 CET 2012: Build OK in folder: 'Sensing' 
Sun Dec 16 21:54:15 CET 2012: Build OK in folder: 'FilteredSensing' 
Sun Dec 16 21:54:15 CET 2012: Cppcheck OK in folder: 'Sensing' 
Sun Dec 16 21:54:15 CET 2012: Cppcheck OK in folder: 'FilteredSensing' 
Sun Dec 16 21:54:15 CET 2012: Cppcheck OK in header file(s)
Sun Dec 16 21:54:15 CET 2012: Cppcheck OK in cpp file(s)
Sun Dec 16 21:54:25 CET 2012: Build OK in folder: 'Sensing' 
Sun Dec 16 21:54:26 CET 2012: Build OK in folder: 'FilteredSensing' 
Sun Dec 16 21:54:26 CET 2012: Cppcheck OK in folder: 'Sensing' 
Sun Dec 16 21:54:26 CET 2012: Cppcheck OK in folder: 'FilteredSensing' 
Sun Dec 16 21:54:26 CET 2012: Cppcheck OK in header file(s)
Sun Dec 16 21:54:26 CET 2012: Cppcheck OK in cpp file(s)
Sun Dec 16 21:54:33 CET 2012: Build OK in folder: 'Sensing' 
Sun Dec 16 21:54:33 CET 2012: Build OK in folder: 'FilteredSensing' 
Sun Dec 16 21:54:33 CET 2012: Cppcheck OK in folder: 'Sensing' 
Sun Dec 16 21:54:33 CET 2012: Cppcheck OK in folder: 'FilteredSensing' 
Sun Dec 16 21:54:33 CET 2012: Cppcheck OK in header file(s)
Sun Dec 16 21:54:33 CET 2012: Cppcheck OK in cpp file(s)
Sun Dec 16 21:54:50 CET 2012: Build OK in folder: 'Sensing' 
Sun Dec 16 21:54:52 CET 2012: Build OK in folder: 'FilteredSensing' 
Sun Dec 16 21:54:52 CET 2012: Cppcheck OK in folder: 'Sensing' 
Sun Dec 16 21:54:52 CET 2012: Cppcheck OK in folder: 'FilteredSensing' 
Sun Dec 16 21:54:52 CET 2012: Cppcheck OK in header file(s)
Sun Dec 16 21:54:52 CET 2012: Cppcheck OK in cpp file(s)
Sun Dec 16 21:55:40 CET 2012: Build OK in folder: 'Sensing' 
Sun Dec 16 21:55:41 CET 2012: Build OK in folder: 'FilteredSensing' 
Sun Dec 16 21:55:41 CET 2012: Cppcheck OK in folder: 'Sensing' 
Sun Dec 16 21:55:41 CET 2012: Cppcheck OK in folder: 'FilteredSensing' 
Sun Dec 16 21:55:41 CET 2012: Cppcheck OK in header file(s)
Sun Dec 16 21:55:41 CET 2012: Cppcheck OK in cpp file(s)
Sun Dec 16 21:56:03 CET 2012: Build OK in folder: 'Sensing' 
Sun Dec 16 21:56:05 CET 2012: Build OK in folder: 'FilteredSensing' 
Sun Dec 16 21:56:05 CET 2012: Cppcheck OK in folder: 'Sensing' 
Sun Dec 16 21:56:05 CET 2012: Cppcheck OK in folder: 'FilteredSensing' 
Sun Dec 16 21:56:05 CET 2012: Cppcheck OK in header file(s)
Sun Dec 16 21:56:05 CET 2012: Cppcheck OK in cpp file(s)
Sun Dec 16 21:56:17 CET 2012: Build OK in folder: 'Sensing' 
Sun Dec 16 21:56:18 CET 2012: Build OK in folder: 'FilteredSensing' 
Sun Dec 16 21:56:18 CET 2012: Cppcheck OK in folder: 'Sensing' 
Sun Dec 16 21:56:18 CET 2012: Cppcheck OK in folder: 'FilteredSensing' 
Sun Dec 16 21:56:18 CET 2012: Cppcheck OK in header file(s)
Sun Dec 16 21:56:18 CET 2012: Cppcheck OK in cpp file(s)
Sun Dec 16 21:56:54 CET 2012: Build OK in folder: 'Sensing' 
Sun Dec 16 21:56:54 CET 2012: Build OK in folder: 'FilteredSensing' 
Sun Dec 16 21:56:54 CET 2012: Cppcheck OK in folder: 'Sensing' 
Sun Dec 16 21:56:54 CET 2012: Cppcheck OK in folder: 'FilteredSensing' 
Sun Dec 16 21:56:54 CET 2012: Cppcheck OK in header file(s)
Sun Dec 16 21:56:54 CET 2012: Cppcheck OK in cpp file(s)
Sun Dec 16 21:56:58 CET 2012: Build OK in folder: 'Sensing' 
Sun Dec 16 21:56:59 CET 2012: Build OK in folder: 'FilteredSensing' 
Sun Dec 16 21:56:59 CET 2012: Cppcheck OK in folder: 'Sensing' 
Sun Dec 16 21:56:59 CET 2012: Cppcheck OK in folder: 'FilteredSensing' 
Sun Dec 16 21:56:59 CET 2012: Cppcheck OK in header file(s)
Sun Dec 16 21:56:59 CET 2012: Cppcheck OK in cpp file(s)
Sun Dec 16 21:58:47 CET 2012: Build OK in folder: 'Sensing' 
Sun Dec 16 21:58:48 CET 2012: Build OK in folder: 'FilteredSensing' 
Sun Dec 16 21:58:48 CET 2012: Cppcheck OK in folder: 'Sensing' 
Sun Dec 16 21:58:48 CET 2012: Cppcheck OK in folder: 'FilteredSensing' 
Sun Dec 16 21:58:48 CET 2012: Cppcheck OK in header file(s)
Sun Dec 16 21:58:48 CET 2012: Cppcheck OK in cpp file(s)
Sun Dec 16 21:59:59 CET 2012: Build OK in folder: 'Sensing' 
Sun Dec 16 21:59:59 CET 2012: Build OK in folder: 'FilteredSensing' 
Sun Dec 16 21:59:59 CET 2012: Cppcheck OK in folder: 'Sensing' 
Sun Dec 16 21:59:59 CET 2012: Cppcheck OK in folder: 'FilteredSensing' 
Sun Dec 16 21:59:59 CET 2012: Cppcheck OK in header file(s)
Sun Dec 16 21:59:59 CET 2012: Cppcheck OK in cpp file(s)
Sun Dec 16 22:00:57 CET 2012: Build OK in folder: 'Sensing' 
Sun Dec 16 22:00:58 CET 2012: Build OK in folder: 'FilteredSensing' 
Sun Dec 16 22:00:58 CET 2012: Cppcheck OK in folder: 'Sensing' 
Sun Dec 16 22:00:58 CET 2012: Cppcheck OK in folder: 'FilteredSensing' 
Sun Dec 16 22:00:58 CET 2012: Cppcheck OK in header file(s)
Sun Dec 16 22:00:58 CET 2012: Cppcheck OK in cpp file(s)
Sun Dec 16 22:01:05 CET 2012: Build OK in folder: 'Sensing' 
Sun Dec 16 22:01:07 CET 2012: Build OK in folder: 'FilteredSensing' 
Sun Dec 16 22:01:07 CET 2012: Cppcheck OK in folder: 'Sensing' 
Sun Dec 16 22:01:07 CET 2012: Cppcheck OK in folder: 'FilteredSensing' 
Sun Dec 16 22:01:07 CET 2012: Cppcheck OK in header file(s)
Sun Dec 16 22:01:07 CET 2012: Cppcheck OK in cpp file(s)
Sun Dec 16 22:01:14 CET 2012: Build OK in folder: 'Sensing' 
Sun Dec 16 22:01:15 CET 2012: Build OK in folder: 'FilteredSensing' 
Sun Dec 16 22:01:15 CET 2012: Cppcheck OK in folder: 'Sensing' 
Sun Dec 16 22:01:15 CET 2012: Cppcheck OK in folder: 'FilteredSensing' 
Sun Dec 16 22:01:15 CET 2012: Cppcheck OK in header file(s)
Sun Dec 16 22:01:15 CET 2012: Cppcheck OK in cpp file(s)
Sun Dec 16 22:34:31 CET 2012: Build OK in folder: 'Sensing' 
Sun Dec 16 22:34:33 CET 2012: Build OK in folder: 'FilteredSensing' 
Sun Dec 16 22:34:33 CET 2012: Cppcheck OK in folder: 'Sensing' 
Sun Dec 16 22:34:33 CET 2012: Cppcheck OK in folder: 'FilteredSensing' 
Sun Dec 16 22:34:33 CET 2012: Cppcheck OK in header file(s)
Sun Dec 16 22:34:33 CET 2012: Cppcheck OK in cpp file(s)
Sun Dec 16 22:35:24 CET 2012: Build OK in folder: 'Sensing' 
Sun Dec 16 22:35:26 CET 2012: Build OK in folder: 'FilteredSensing' 
Sun Dec 16 22:35:26 CET 2012: Cppcheck OK in folder: 'Sensing' 
Sun Dec 16 22:35:26 CET 2012: Cppcheck OK in folder: 'FilteredSensing' 
Sun Dec 16 22:35:26 CET 2012: Cppcheck OK in header file(s)
Sun Dec 16 22:35:26 CET 2012: Cppcheck OK in cpp file(s)
Sun Dec 16 22:37:52 CET 2012: Build OK in folder: 'Sensing' 
Sun Dec 16 22:37:55 CET 2012: Build OK in folder: 'FilteredSensing' 
Sun Dec 16 22:37:55 CET 2012: Cppcheck OK in folder: 'Sensing' 
Sun Dec 16 22:37:55 CET 2012: Cppcheck OK in folder: 'FilteredSensing' 
Sun Dec 16 22:37:55 CET 2012: Cppcheck OK in header file(s)
Sun Dec 16 22:37:55 CET 2012: Cppcheck OK in cpp file(s)
Mon Dec 17 01:51:06 CET 2012: Build OK in folder: 'examples SendPacketsOnRequest' 
Mon Dec 17 01:51:07 CET 2012: Build OK in folder: 'examples SendPackets' 
Mon Dec 17 01:51:08 CET 2012: Build OK in folder: 'examples SendAnalogInput' 
Mon Dec 17 01:51:08 CET 2012: Build OK in folder: 'examples ReceivePackets' 
Mon Dec 17 01:51:08 CET 2012: Cppcheck OK in folder: 'build' 
Mon Dec 17 01:51:08 CET 2012: Cppcheck OK in folder: 'build' 
Mon Dec 17 01:51:08 CET 2012: Cppcheck OK in header file(s)
Mon Dec 17 01:51:08 CET 2012: Cppcheck OK in cpp file(s)
Mon Dec 17 01:53:02 CET 2012: Build OK in folder: 'examples SendPacketsOnRequest' 
Mon Dec 17 01:53:03 CET 2012: Build OK in folder: 'examples SendPackets' 
Mon Dec 17 01:53:04 CET 2012: Build OK in folder: 'examples SendAnalogInput' 
Mon Dec 17 01:53:05 CET 2012: Build OK in folder: 'examples ReceivePackets' 
Mon Dec 17 01:53:05 CET 2012: Cppcheck OK in folder: 'build' 
Mon Dec 17 01:53:05 CET 2012: Cppcheck OK in folder: 'build' 
Mon Dec 17 01:53:05 CET 2012: Cppcheck OK in header file(s)
Mon Dec 17 01:53:05 CET 2012: Cppcheck OK in cpp file(s)
Mon Dec 17 02:03:00 CET 2012: Build OK in folder: 'examples SendPacketsOnRequest' 
Mon Dec 17 02:03:01 CET 2012: Build OK in folder: 'examples SendPackets' 
Mon Dec 17 02:03:02 CET 2012: Build OK in folder: 'examples SendAnalogInput' 
Mon Dec 17 02:03:02 CET 2012: Build OK in folder: 'examples ReceivePackets' 
Mon Dec 17 02:03:02 CET 2012: Cppcheck OK in folder: 'build' 
Mon Dec 17 02:03:02 CET 2012: Cppcheck OK in folder: 'build' 
Mon Dec 17 02:03:02 CET 2012: Cppcheck OK in header file(s)
Mon Dec 17 02:03:03 CET 2012: Cppcheck OK in cpp file(s)
Mon Dec 17 02:05:07 CET 2012: Build OK in folder: 'examples SendPacketsOnRequest' 
Mon Dec 17 02:05:08 CET 2012: Build OK in folder: 'examples SendPackets' 
Mon Dec 17 02:05:08 CET 2012: Build OK in folder: 'examples SendAnalogInput' 
Mon Dec 17 02:05:09 CET 2012: Build OK in folder: 'examples ReceivePackets' 
Mon Dec 17 02:05:09 CET 2012: Cppcheck OK in folder: 'build' 
Mon Dec 17 02:05:09 CET 2012: Cppcheck OK in folder: 'build' 
Mon Dec 17 02:05:09 CET 2012: Cppcheck OK in header file(s)
Mon Dec 17 02:05:09 CET 2012: Cppcheck OK in cpp file(s)
Mon Dec 17 02:38:06 CET 2012: Build OK in folder: 'examples SendPacketsOnRequest' 
Mon Dec 17 02:38:09 CET 2012: Build OK in folder: 'examples SendPackets' 
Mon Dec 17 02:38:11 CET 2012: Build OK in folder: 'examples SendAnalogInput' 
Mon Dec 17 02:38:14 CET 2012: Build OK in folder: 'examples ReceivePackets' 
Mon Dec 17 02:38:14 CET 2012: Cppcheck OK in folder: 'build' 
Mon Dec 17 02:38:14 CET 2012: Cppcheck OK in header file(s)
Mon Dec 17 02:38:14 CET 2012: Cppcheck OK in cpp file(s)
Mon Dec 17 02:53:17 CET 2012: Build OK in folder: 'examples SendPacketsOnRequest' 
Mon Dec 17 02:53:18 CET 2012: Build OK in folder: 'examples SendPackets' 
Mon Dec 17 02:53:19 CET 2012: Build OK in folder: 'examples SendAnalogInput' 
Mon Dec 17 02:53:20 CET 2012: Build OK in folder: 'examples ReceivePackets' 
Mon Dec 17 02:53:20 CET 2012: Cppcheck OK in folder: 'build' 
Mon Dec 17 02:53:20 CET 2012: Cppcheck OK in folder: 'build' 
Mon Dec 17 02:53:20 CET 2012: Cppcheck OK in header file(s)
Mon Dec 17 02:53:20 CET 2012: Cppcheck OK in cpp file(s)
Mon Dec 17 02:53:27 CET 2012: Build OK in folder: 'examples SendPacketsOnRequest' 
Mon Dec 17 02:53:30 CET 2012: Build OK in folder: 'examples SendPackets' 
Mon Dec 17 02:53:32 CET 2012: Build OK in folder: 'examples SendAnalogInput' 
Mon Dec 17 02:53:34 CET 2012: Build OK in folder: 'examples ReceivePackets' 
Mon Dec 17 02:53:34 CET 2012: Cppcheck OK in folder: 'build' 
Mon Dec 17 02:53:34 CET 2012: Cppcheck OK in header file(s)
Mon Dec 17 02:53:35 CET 2012: Cppcheck OK in cpp file(s)
Mon Dec 17 02:53:36 CET 2012: Build OK in folder: 'examples SendPacketsOnRequest' 
Mon Dec 17 02:53:37 CET 2012: Build OK in folder: 'examples SendPackets' 
Mon Dec 17 02:53:37 CET 2012: Build OK in folder: 'examples SendAnalogInput' 
Mon Dec 17 02:53:38 CET 2012: Build OK in folder: 'examples ReceivePackets' 
Mon Dec 17 02:53:38 CET 2012: Cppcheck OK in folder: 'build' 
Mon Dec 17 02:53:38 CET 2012: Cppcheck OK in folder: 'build' 
Mon Dec 17 02:53:38 CET 2012: Cppcheck OK in header file(s)
Mon Dec 17 02:53:38 CET 2012: Cppcheck OK in cpp file(s)
Mon Dec 17 02:57:14 CET 2012: Build OK in folder: 'examples SendPacketsOnRequest' 
Mon Dec 17 02:57:17 CET 2012: Build OK in folder: 'examples SendPackets' 
Mon Dec 17 02:57:19 CET 2012: Build OK in folder: 'examples SendAnalogInput' 
Mon Dec 17 02:57:22 CET 2012: Build OK in folder: 'examples ReceivePackets' 
Mon Dec 17 02:57:22 CET 2012: Cppcheck OK in folder: 'build' 
Mon Dec 17 02:57:22 CET 2012: Cppcheck OK in header file(s)
Mon Dec 17 02:57:22 CET 2012: Cppcheck OK in cpp file(s)
Wed Dec 19 02:19:06 CET 2012: Build OK in folder: 'examples SendPacketsOnRequest' 
Wed Dec 19 02:19:07 CET 2012: Build OK in folder: 'examples SendPackets' 
Wed Dec 19 02:19:08 CET 2012: Build OK in folder: 'examples SendAnalogInput' 
Wed Dec 19 02:19:09 CET 2012: Build OK in folder: 'examples ReceivePackets' 
Wed Dec 19 02:19:09 CET 2012: Cppcheck OK in folder: 'build' 
Wed Dec 19 02:19:09 CET 2012: Cppcheck OK in folder: 'build' 
Wed Dec 19 02:19:09 CET 2012: Cppcheck OK in header file(s)
Wed Dec 19 02:19:09 CET 2012: Cppcheck OK in cpp file(s)
Wed Dec 19 02:19:17 CET 2012: Build OK in folder: 'examples SendPacketsOnRequest' 
Wed Dec 19 02:19:20 CET 2012: Build OK in folder: 'examples SendPackets' 
Wed Dec 19 02:19:23 CET 2012: Build OK in folder: 'examples SendAnalogInput' 
Wed Dec 19 02:19:25 CET 2012: Build OK in folder: 'examples ReceivePackets' 
Wed Dec 19 02:19:25 CET 2012: Cppcheck OK in folder: 'build' 
Wed Dec 19 02:19:25 CET 2012: Cppcheck OK in header file(s)
Wed Dec 19 02:19:25 CET 2012: Cppcheck OK in cpp file(s)
Wed Dec 19 02:19:27 CET 2012: Build OK in folder: 'examples SendPacketsOnRequest' 
Wed Dec 19 02:19:27 CET 2012: Build OK in folder: 'examples SendPackets' 
Wed Dec 19 02:19:28 CET 2012: Build OK in folder: 'examples SendAnalogInput' 
Wed Dec 19 02:19:29 CET 2012: Build OK in folder: 'examples ReceivePackets' 
Wed Dec 19 02:19:29 CET 2012: Cppcheck OK in folder: 'build' 
Wed Dec 19 02:19:29 CET 2012: Cppcheck OK in folder: 'build' 
Wed Dec 19 02:19:29 CET 2012: Cppcheck OK in header file(s)
Wed Dec 19 02:19:29 CET 2012: Cppcheck OK in cpp file(s)
